#
# There is insufficient memory for the Java Runtime Environment to continue.
# Native memory allocation (malloc) failed to allocate 1704816 bytes. Error detail: Chunk::new
# Possible reasons:
#   The system is out of physical RAM or swap space
#   This process is running with CompressedOops enabled, and the Java Heap may be blocking the growth of the native heap
# Possible solutions:
#   Reduce memory load on the system
#   Increase physical memory or swap space
#   Check if swap backing store is full
#   Decrease Java heap size (-Xmx/-Xms)
#   Decrease number of Java threads
#   Decrease Java thread stack sizes (-Xss)
#   Set larger code cache with -XX:ReservedCodeCacheSize=
#   JVM is running with Unscaled Compressed Oops mode in which the Java heap is
#     placed in the first 4GB address space. The Java Heap base address is the
#     maximum limit for the native heap growth. Please use -XX:HeapBaseMinAddress
#     to set the Java Heap base and to place the Java Heap above 4GB virtual address.
# This output file may be truncated or incomplete.
#
#  Out of Memory Error (arena.cpp:168), pid=17320, tid=10992
#
# JRE version: OpenJDK Runtime Environment Temurin-21.0.7+6 (21.0.7+6) (build 21.0.7+6-LTS)
# Java VM: OpenJDK 64-Bit Server VM Temurin-21.0.7+6 (21.0.7+6-LTS, mixed mode, sharing, tiered, compressed oops, compressed class ptrs, parallel gc, windows-amd64)
# No core dump will be written. Minidumps are not enabled by default on client versions of Windows
#

---------------  S U M M A R Y ------------

Command Line: --add-modules=ALL-SYSTEM --add-opens=java.base/java.util=ALL-UNNAMED --add-opens=java.base/java.lang=ALL-UNNAMED --add-opens=java.base/sun.nio.fs=ALL-UNNAMED -Declipse.application=org.eclipse.jdt.ls.core.id1 -Dosgi.bundles.defaultStartLevel=4 -Declipse.product=org.eclipse.jdt.ls.core.product -Djava.import.generatesMetadataFilesAtProjectRoot=false -DDetectVMInstallationsJob.disabled=true -Dfile.encoding=utf8 -XX:+UseParallelGC -XX:GCTimeRatio=4 -XX:AdaptiveSizePolicyWeight=90 -Dsun.zip.disableMemoryMapping=true -Xmx1G -Xms100m -Xlog:disable -javaagent:c:\Users\USER\.vscode\extensions\redhat.java-1.42.0-win32-x64\lombok\lombok-1.18.36.jar -XX:+HeapDumpOnOutOfMemoryError -XX:HeapDumpPath=c:\Users\USER\AppData\Roaming\Code\User\workspaceStorage\12765b90b74b9d4cf4179417868267ed\redhat.java -Daether.dependencyCollector.impl=bf c:\Users\USER\.vscode\extensions\redhat.java-1.42.0-win32-x64\server\plugins\org.eclipse.equinox.launcher_1.7.0.v20250424-1814.jar -configuration c:\Users\USER\AppData\Roaming\Code\User\globalStorage\redhat.java\1.42.0\config_win -data c:\Users\USER\AppData\Roaming\Code\User\workspaceStorage\12765b90b74b9d4cf4179417868267ed\redhat.java\jdt_ws --pipe=\\.\pipe\lsp-a046f7fe678818cc56615c32a1403a21-sock

Host: 12th Gen Intel(R) Core(TM) i7-12700F, 20 cores, 7G,  Windows 11 , 64 bit Build 22621 (10.0.22621.4830)
Time: Tue Jun 17 12:10:56 2025 China Standard Time elapsed time: 8.287878 seconds (0d 0h 0m 8s)

---------------  T H R E A D  ---------------

Current thread (0x000002616eeb0c50):  JavaThread "C2 CompilerThread0" daemon [_thread_in_native, id=10992, stack(0x000000ca9a300000,0x000000ca9a400000) (1024K)]


Current CompileTask:
C2:8288 5619   !   4       org.eclipse.osgi.internal.loader.classpath.ClasspathManager::defineClass (636 bytes)

Stack: [0x000000ca9a300000,0x000000ca9a400000]
Native frames: (J=compiled Java code, j=interpreted, Vv=VM code, C=native code)
V  [jvm.dll+0x6ce119]
V  [jvm.dll+0x8a84a1]
V  [jvm.dll+0x8aa9ce]
V  [jvm.dll+0x8ab0b3]
V  [jvm.dll+0x27f8a6]
V  [jvm.dll+0xc507d]
V  [jvm.dll+0xc55b3]
V  [jvm.dll+0x3b68f2]
V  [jvm.dll+0x1dfe33]
V  [jvm.dll+0x247c42]
V  [jvm.dll+0x2470cf]
V  [jvm.dll+0x1c760e]
V  [jvm.dll+0x25695a]
V  [jvm.dll+0x254efa]
V  [jvm.dll+0x3f03f6]
V  [jvm.dll+0x851f6b]
V  [jvm.dll+0x6cc7dd]
C  [ucrtbase.dll+0x29333]
C  [KERNEL32.DLL+0x1259d]
C  [ntdll.dll+0x5af38]


---------------  P R O C E S S  ---------------

Threads class SMR info:
_java_thread_list=0x00000261793f2bf0, length=57, elements={
0x000002611832bfc0, 0x000002616ee95fd0, 0x000002616ee97440, 0x000002616ee99460,
0x000002616ee9aa00, 0x000002616ee9c430, 0x000002616eea0b60, 0x000002616eeb0c50,
0x000002616eeb1850, 0x000002616f01b380, 0x000002616f019fd0, 0x000002616f0192b0,
0x000002616f01c0a0, 0x000002616f019940, 0x000002616f01a660, 0x000002616f01acf0,
0x000002616f01ba10, 0x000002616f018c20, 0x0000026176878960, 0x0000026176874e50,
0x00000261768754e0, 0x0000026176875b70, 0x0000026175d51560, 0x00000261768557c0,
0x000002617629d180, 0x0000026176876200, 0x00000261768719d0, 0x00000261768775b0,
0x0000026176876890, 0x0000026176878ff0, 0x0000026176872060, 0x0000026176877c40,
0x0000026176874130, 0x00000261768726f0, 0x0000026176876f20, 0x0000026176872d80,
0x00000261768782d0, 0x0000026176873410, 0x0000026176873aa0, 0x00000261768747c0,
0x0000026178386ad0, 0x000002617838da60, 0x0000026178387160, 0x0000026178388ba0,
0x0000026178389230, 0x0000026178389f50, 0x0000026178387e80, 0x000002617838cd40,
0x00000261783898c0, 0x000002617838a5e0, 0x000002617838ac70, 0x000002617838e0f0,
0x000002617838b990, 0x0000026178388510, 0x00000261783877f0, 0x0000026176757030,
0x000002617838c6b0
}

Java Threads: ( => current thread )
  0x000002611832bfc0 JavaThread "main"                              [_thread_blocked, id=17328, stack(0x000000ca99900000,0x000000ca99a00000) (1024K)]
  0x000002616ee95fd0 JavaThread "Reference Handler"          daemon [_thread_blocked, id=3776, stack(0x000000ca99d00000,0x000000ca99e00000) (1024K)]
  0x000002616ee97440 JavaThread "Finalizer"                  daemon [_thread_blocked, id=16620, stack(0x000000ca99e00000,0x000000ca99f00000) (1024K)]
  0x000002616ee99460 JavaThread "Signal Dispatcher"          daemon [_thread_blocked, id=16896, stack(0x000000ca99f00000,0x000000ca9a000000) (1024K)]
  0x000002616ee9aa00 JavaThread "Attach Listener"            daemon [_thread_blocked, id=17052, stack(0x000000ca9a000000,0x000000ca9a100000) (1024K)]
  0x000002616ee9c430 JavaThread "Service Thread"             daemon [_thread_blocked, id=16900, stack(0x000000ca9a100000,0x000000ca9a200000) (1024K)]
  0x000002616eea0b60 JavaThread "Monitor Deflation Thread"   daemon [_thread_blocked, id=4120, stack(0x000000ca9a200000,0x000000ca9a300000) (1024K)]
=>0x000002616eeb0c50 JavaThread "C2 CompilerThread0"         daemon [_thread_in_native, id=10992, stack(0x000000ca9a300000,0x000000ca9a400000) (1024K)]
  0x000002616eeb1850 JavaThread "C1 CompilerThread0"         daemon [_thread_blocked, id=6588, stack(0x000000ca9a400000,0x000000ca9a500000) (1024K)]
  0x000002616f01b380 JavaThread "Common-Cleaner"             daemon [_thread_blocked, id=17144, stack(0x000000ca9a600000,0x000000ca9a700000) (1024K)]
  0x000002616f019fd0 JavaThread "Notification Thread"        daemon [_thread_blocked, id=13568, stack(0x000000ca9aa00000,0x000000ca9ab00000) (1024K)]
  0x000002616f0192b0 JavaThread "Active Thread: Equinox Container: 0b0ed2b2-f8b2-4853-817f-f83995e07faa"        [_thread_blocked, id=4772, stack(0x000000ca9b400000,0x000000ca9b500000) (1024K)]
  0x000002616f01c0a0 JavaThread "Refresh Thread: Equinox Container: 0b0ed2b2-f8b2-4853-817f-f83995e07faa" daemon [_thread_blocked, id=3324, stack(0x000000ca9b600000,0x000000ca9b700000) (1024K)]
  0x000002616f019940 JavaThread "Framework Event Dispatcher: Equinox Container: 0b0ed2b2-f8b2-4853-817f-f83995e07faa" daemon [_thread_blocked, id=2812, stack(0x000000ca9b700000,0x000000ca9b800000) (1024K)]
  0x000002616f01a660 JavaThread "Start Level: Equinox Container: 0b0ed2b2-f8b2-4853-817f-f83995e07faa" daemon [_thread_blocked, id=20400, stack(0x000000ca9b800000,0x000000ca9b900000) (1024K)]
  0x000002616f01acf0 JavaThread "Bundle File Closer"         daemon [_thread_blocked, id=16760, stack(0x000000ca9ab00000,0x000000ca9ac00000) (1024K)]
  0x000002616f01ba10 JavaThread "SCR Component Actor"        daemon [_thread_blocked, id=13972, stack(0x000000ca9a700000,0x000000ca9a800000) (1024K)]
  0x000002616f018c20 JavaThread "SCR Component Registry"     daemon [_thread_blocked, id=4916, stack(0x000000ca9a900000,0x000000ca9aa00000) (1024K)]
  0x0000026176878960 JavaThread "Worker-JM"                         [_thread_blocked, id=11884, stack(0x000000ca9bc00000,0x000000ca9bd00000) (1024K)]
  0x0000026176874e50 JavaThread "JNA Cleaner"                daemon [_thread_blocked, id=5732, stack(0x000000ca9a500000,0x000000ca9a600000) (1024K)]
  0x00000261768754e0 JavaThread "Worker-0: Repository registry initialization"        [_thread_in_native, id=13588, stack(0x000000ca9a800000,0x000000ca9a900000) (1024K)]
  0x0000026176875b70 JavaThread "Worker-1: Initialize After Load"        [_thread_blocked, id=12512, stack(0x000000ca9bf00000,0x000000ca9c000000) (1024K)]
  0x0000026175d51560 JavaThread "C1 CompilerThread1"         daemon [_thread_blocked, id=3140, stack(0x000000ca9c000000,0x000000ca9c100000) (1024K)]
  0x00000261768557c0 JavaThread "C1 CompilerThread2"         daemon [_thread_blocked, id=19380, stack(0x000000ca9c100000,0x000000ca9c200000) (1024K)]
  0x000002617629d180 JavaThread "C1 CompilerThread3"         daemon [_thread_blocked, id=17384, stack(0x000000ca9c200000,0x000000ca9c300000) (1024K)]
  0x0000026176876200 JavaThread "Java indexing"              daemon [_thread_blocked, id=8744, stack(0x000000ca9c500000,0x000000ca9c600000) (1024K)]
  0x00000261768719d0 JavaThread "Worker-2: Updating Maven Dependencies"        [_thread_blocked, id=18372, stack(0x000000ca9c800000,0x000000ca9c900000) (1024K)]
  0x00000261768775b0 JavaThread "Worker-3"                          [_thread_blocked, id=18224, stack(0x000000ca9c900000,0x000000ca9ca00000) (1024K)]
  0x0000026176876890 JavaThread "Thread-2"                   daemon [_thread_in_native, id=18476, stack(0x000000ca9ca00000,0x000000ca9cb00000) (1024K)]
  0x0000026176878ff0 JavaThread "Thread-3"                   daemon [_thread_in_native, id=17536, stack(0x000000ca9cb00000,0x000000ca9cc00000) (1024K)]
  0x0000026176872060 JavaThread "Thread-4"                   daemon [_thread_in_native, id=14036, stack(0x000000ca9cc00000,0x000000ca9cd00000) (1024K)]
  0x0000026176877c40 JavaThread "Thread-5"                   daemon [_thread_in_native, id=17684, stack(0x000000ca9cd00000,0x000000ca9ce00000) (1024K)]
  0x0000026176874130 JavaThread "Thread-6"                   daemon [_thread_in_native, id=6064, stack(0x000000ca9ce00000,0x000000ca9cf00000) (1024K)]
  0x00000261768726f0 JavaThread "Thread-7"                   daemon [_thread_in_native, id=17996, stack(0x000000ca9cf00000,0x000000ca9d000000) (1024K)]
  0x0000026176876f20 JavaThread "Thread-8"                   daemon [_thread_in_native, id=268, stack(0x000000ca9d000000,0x000000ca9d100000) (1024K)]
  0x0000026176872d80 JavaThread "Thread-9"                   daemon [_thread_in_native, id=10016, stack(0x000000ca9d100000,0x000000ca9d200000) (1024K)]
  0x00000261768782d0 JavaThread "Thread-10"                  daemon [_thread_in_native, id=14172, stack(0x000000ca9d200000,0x000000ca9d300000) (1024K)]
  0x0000026176873410 JavaThread "Thread-11"                  daemon [_thread_in_native, id=10204, stack(0x000000ca9d300000,0x000000ca9d400000) (1024K)]
  0x0000026176873aa0 JavaThread "Thread-12"                  daemon [_thread_in_native, id=10392, stack(0x000000ca9d400000,0x000000ca9d500000) (1024K)]
  0x00000261768747c0 JavaThread "Thread-13"                  daemon [_thread_in_native, id=17692, stack(0x000000ca9d500000,0x000000ca9d600000) (1024K)]
  0x0000026178386ad0 JavaThread "Thread-14"                  daemon [_thread_in_native, id=19064, stack(0x000000ca9d600000,0x000000ca9d700000) (1024K)]
  0x000002617838da60 JavaThread "Thread-15"                  daemon [_thread_in_native, id=19556, stack(0x000000ca9d700000,0x000000ca9d800000) (1024K)]
  0x0000026178387160 JavaThread "Thread-16"                  daemon [_thread_in_native, id=6596, stack(0x000000ca9d800000,0x000000ca9d900000) (1024K)]
  0x0000026178388ba0 JavaThread "Thread-17"                  daemon [_thread_in_native, id=5200, stack(0x000000ca9d900000,0x000000ca9da00000) (1024K)]
  0x0000026178389230 JavaThread "Thread-18"                  daemon [_thread_in_native, id=12324, stack(0x000000ca9da00000,0x000000ca9db00000) (1024K)]
  0x0000026178389f50 JavaThread "Thread-19"                  daemon [_thread_in_native, id=5828, stack(0x000000ca9db00000,0x000000ca9dc00000) (1024K)]
  0x0000026178387e80 JavaThread "Thread-20"                  daemon [_thread_in_native, id=1028, stack(0x000000ca9dc00000,0x000000ca9dd00000) (1024K)]
  0x000002617838cd40 JavaThread "Thread-21"                  daemon [_thread_in_native, id=18344, stack(0x000000ca9dd00000,0x000000ca9de00000) (1024K)]
  0x00000261783898c0 JavaThread "Thread-22"                  daemon [_thread_in_native, id=16780, stack(0x000000ca9de00000,0x000000ca9df00000) (1024K)]
  0x000002617838a5e0 JavaThread "pool-2-thread-1"                   [_thread_blocked, id=16344, stack(0x000000ca9df00000,0x000000ca9e000000) (1024K)]
  0x000002617838ac70 JavaThread "WorkspaceEventsHandler"            [_thread_blocked, id=8228, stack(0x000000ca9e000000,0x000000ca9e100000) (1024K)]
  0x000002617838e0f0 JavaThread "pool-1-thread-1"                   [_thread_blocked, id=19544, stack(0x000000ca9e100000,0x000000ca9e200000) (1024K)]
  0x000002617838b990 JavaThread "Worker-4: Synchronize Gradle projects with workspace"        [_thread_blocked, id=18048, stack(0x000000ca9e200000,0x000000ca9e300000) (1024K)]
  0x0000026178388510 JavaThread "Timer-0"                           [_thread_blocked, id=18012, stack(0x000000ca9c400000,0x000000ca9c500000) (1024K)]
  0x00000261783877f0 JavaThread "Timer-1"                           [_thread_blocked, id=10760, stack(0x000000ca9e300000,0x000000ca9e400000) (1024K)]
  0x0000026176757030 JavaThread "C2 CompilerThread1"         daemon [_thread_in_vm, id=9808, stack(0x000000ca9bb00000,0x000000ca9bc00000) (1024K)]
  0x000002617838c6b0 JavaThread "Connection worker"                 [_thread_in_native, id=17544, stack(0x000000ca9e400000,0x000000ca9e500000) (1024K)]
Total: 57

Other Threads:
  0x000002612c704a50 VMThread "VM Thread"                           [id=12572, stack(0x000000ca99c00000,0x000000ca99d00000) (1024K)]
  0x0000026118396ab0 WatcherThread "VM Periodic Task Thread"        [id=1112, stack(0x000000ca99b00000,0x000000ca99c00000) (1024K)]
  0x000002611834ac00 WorkerThread "GC Thread#0"                     [id=14516, stack(0x000000ca99a00000,0x000000ca99b00000) (1024K)]
  0x00000261758c3840 WorkerThread "GC Thread#1"                     [id=17372, stack(0x000000ca9ac00000,0x000000ca9ad00000) (1024K)]
  0x00000261758c1ee0 WorkerThread "GC Thread#2"                     [id=14084, stack(0x000000ca9ad00000,0x000000ca9ae00000) (1024K)]
  0x00000261758c2280 WorkerThread "GC Thread#3"                     [id=16456, stack(0x000000ca9ae00000,0x000000ca9af00000) (1024K)]
  0x00000261758c2620 WorkerThread "GC Thread#4"                     [id=16936, stack(0x000000ca9af00000,0x000000ca9b000000) (1024K)]
  0x00000261758c29c0 WorkerThread "GC Thread#5"                     [id=16844, stack(0x000000ca9b000000,0x000000ca9b100000) (1024K)]
  0x00000261758c2d60 WorkerThread "GC Thread#6"                     [id=16076, stack(0x000000ca9b100000,0x000000ca9b200000) (1024K)]
  0x00000261758c34a0 WorkerThread "GC Thread#7"                     [id=5804, stack(0x000000ca9b500000,0x000000ca9b600000) (1024K)]
  0x0000026175996560 WorkerThread "GC Thread#8"                     [id=16712, stack(0x000000ca9b200000,0x000000ca9b300000) (1024K)]
  0x0000026175997040 WorkerThread "GC Thread#9"                     [id=16728, stack(0x000000ca9b300000,0x000000ca9b400000) (1024K)]
  0x0000026175998260 WorkerThread "GC Thread#10"                    [id=16732, stack(0x000000ca9b900000,0x000000ca9ba00000) (1024K)]
  0x00000261759973e0 WorkerThread "GC Thread#11"                    [id=13804, stack(0x000000ca9ba00000,0x000000ca9bb00000) (1024K)]
  0x0000026175997780 WorkerThread "GC Thread#12"                    [id=16736, stack(0x000000ca9bd00000,0x000000ca9be00000) (1024K)]
  0x00000261759961c0 WorkerThread "GC Thread#13"                    [id=16628, stack(0x000000ca9be00000,0x000000ca9bf00000) (1024K)]
  0x0000026175997b20 WorkerThread "GC Thread#14"                    [id=14504, stack(0x000000ca9c300000,0x000000ca9c400000) (1024K)]
Total: 17

Threads with active compile tasks:
C2 CompilerThread0  8413 5619   !   4       org.eclipse.osgi.internal.loader.classpath.ClasspathManager::defineClass (636 bytes)
C2 CompilerThread1  8413 6260       4       java.io.WinNTFileSystem::normalize (143 bytes)
Total: 2

VM state: not at safepoint (normal execution)

VM Mutex/Monitor currently owned by a thread: None

Heap address: 0x00000000c0000000, size: 1024 MB, Compressed Oops mode: 32-bit

CDS archive(s) mapped at: [0x000002612d000000-0x000002612dba0000-0x000002612dba0000), size 12189696, SharedBaseAddress: 0x000002612d000000, ArchiveRelocationMode: 1.
Compressed class space mapped at: 0x000002612e000000-0x000002616e000000, reserved size: 1073741824
Narrow klass base: 0x000002612d000000, Narrow klass shift: 0, Narrow klass range: 0x100000000

GC Precious Log:
 CardTable entry size: 512
 CPUs: 20 total, 20 available
 Memory: 8033M
 Large Page Support: Disabled
 NUMA Support: Disabled
 Compressed Oops: Enabled (32-bit)
 Alignments: Space 512K, Generation 512K, Heap 2M
 Heap Min Capacity: 100M
 Heap Initial Capacity: 100M
 Heap Max Capacity: 1G
 Pre-touch: Disabled
 Parallel Workers: 15

Heap:
 PSYoungGen      total 23552K, used 12142K [0x00000000eab00000, 0x00000000ec580000, 0x0000000100000000)
  eden space 22016K, 48% used [0x00000000eab00000,0x00000000eb55f9e0,0x00000000ec080000)
  from space 1536K, 98% used [0x00000000ec180000,0x00000000ec2fc1a0,0x00000000ec300000)
  to   space 2560K, 0% used [0x00000000ec300000,0x00000000ec300000,0x00000000ec580000)
 ParOldGen       total 68608K, used 20768K [0x00000000c0000000, 0x00000000c4300000, 0x00000000eab00000)
  object space 68608K, 30% used [0x00000000c0000000,0x00000000c14481c8,0x00000000c4300000)
 Metaspace       used 44901K, committed 46016K, reserved 1114112K
  class space    used 4870K, committed 5376K, reserved 1048576K

Card table byte_map: [0x0000026117d00000,0x0000026117f10000] _byte_map_base: 0x0000026117700000

Marking Bits: (ParMarkBitMap*) 0x00007ffc326931f0
 Begin Bits: [0x000002612a520000, 0x000002612b520000)
 End Bits:   [0x000002612b520000, 0x000002612c520000)

Polling page: 0x0000026117af0000

Metaspace:

Usage:
  Non-class:     39.12 MB used.
      Class:      4.76 MB used.
       Both:     43.88 MB used.

Virtual space:
  Non-class space:       64.00 MB reserved,      39.75 MB ( 62%) committed,  1 nodes.
      Class space:        1.00 GB reserved,       5.25 MB ( <1%) committed,  1 nodes.
             Both:        1.06 GB reserved,      45.00 MB (  4%) committed. 

Chunk freelists:
   Non-Class:  7.42 MB
       Class:  10.66 MB
        Both:  18.08 MB

MaxMetaspaceSize: unlimited
CompressedClassSpaceSize: 1.00 GB
Initial GC threshold: 21.00 MB
Current GC threshold: 58.38 MB
CDS: on
 - commit_granule_bytes: 65536.
 - commit_granule_words: 8192.
 - virtual_space_node_default_size: 8388608.
 - enlarge_chunks_in_place: 1.
 - use_allocation_guard: 0.


Internal statistics:

num_allocs_failed_limit: 6.
num_arena_births: 804.
num_arena_deaths: 38.
num_vsnodes_births: 2.
num_vsnodes_deaths: 0.
num_space_committed: 720.
num_space_uncommitted: 0.
num_chunks_returned_to_freelist: 50.
num_chunks_taken_from_freelist: 2755.
num_chunk_merges: 14.
num_chunk_splits: 1741.
num_chunks_enlarged: 1065.
num_inconsistent_stats: 0.

CodeHeap 'non-profiled nmethods': size=119168Kb used=2975Kb max_used=2975Kb free=116192Kb
 bounds [0x00000261230c0000, 0x00000261233b0000, 0x000002612a520000]
CodeHeap 'profiled nmethods': size=119104Kb used=12095Kb max_used=12095Kb free=107008Kb
 bounds [0x000002611b520000, 0x000002611c0f0000, 0x0000026122970000]
CodeHeap 'non-nmethods': size=7488Kb used=3053Kb max_used=3110Kb free=4434Kb
 bounds [0x0000026122970000, 0x0000026122c90000, 0x00000261230c0000]
 total_blobs=6329 nmethods=5665 adapters=567
 compilation: enabled
              stopped_count=0, restarted_count=0
 full_count=0

Compilation events (20 events):
Event: 8.271 Thread 0x0000026176757030 nmethod 5923 0x0000026123119e90 code [0x000002612311a020, 0x000002612311a0c0]
Event: 8.271 Thread 0x0000026176757030 5944       4       com.google.inject.internal.KotlinSupport::getInstance (4 bytes)
Event: 8.271 Thread 0x0000026176757030 nmethod 5944 0x0000026123119b90 code [0x0000026123119d20, 0x0000026123119d90]
Event: 8.271 Thread 0x0000026176757030 5842       4       com.google.common.base.Preconditions::checkNotNull (18 bytes)
Event: 8.271 Thread 0x0000026176757030 nmethod 5842 0x0000026123119890 code [0x0000026123119a20, 0x0000026123119aa8]
Event: 8.271 Thread 0x0000026176757030 5922       4       com.google.common.base.Preconditions::checkNotNull (14 bytes)
Event: 8.272 Thread 0x0000026176757030 nmethod 5922 0x0000026123119590 code [0x0000026123119720, 0x00000261231197a8]
Event: 8.272 Thread 0x0000026176757030 5893       4       java.lang.Boolean::valueOf (14 bytes)
Event: 8.272 Thread 0x0000026176757030 nmethod 5893 0x000002612312e910 code [0x000002612312eaa0, 0x000002612312eb20]
Event: 8.273 Thread 0x0000026175d51560 5957       1       com.google.inject.spi.InjectionPoint::getMember (5 bytes)
Event: 8.273 Thread 0x0000026175d51560 nmethod 5957 0x000002612312e610 code [0x000002612312e7a0, 0x000002612312e868]
Event: 8.273 Thread 0x000002617629d180 5958       3       com.google.inject.internal.asm.$SymbolTable::get (13 bytes)
Event: 8.273 Thread 0x000002617629d180 nmethod 5958 0x000002611c051e10 code [0x000002611c051fc0, 0x000002611c052118]
Event: 8.273 Thread 0x000002616eeb1850 5959       3       com.google.inject.internal.asm.$ByteVector::putByte (39 bytes)
Event: 8.273 Thread 0x0000026175d51560 5960       3       com.google.inject.internal.asm.$SymbolTable::hash (10 bytes)
Event: 8.273 Thread 0x00000261768557c0 5961       3       com.google.inject.internal.asm.$ByteVector::putUTF8 (144 bytes)
Event: 8.273 Thread 0x0000026175d51560 nmethod 5960 0x000002611c052210 code [0x000002611c0523c0, 0x000002611c0524f0]
Event: 8.273 Thread 0x000002616eeb1850 nmethod 5959 0x000002611c052610 code [0x000002611c0527c0, 0x000002611c0529a0]
Event: 8.274 Thread 0x00000261768557c0 nmethod 5961 0x000002611c052b10 code [0x000002611c052d80, 0x000002611c053800]
Event: 8.274 Thread 0x00000261768557c0 5962       3       com.google.inject.internal.asm.$Symbol::<init> (38 bytes)

GC Heap History (20 events):
Event: 6.107 GC heap before
{Heap before GC invocations=10 (full 1):
 PSYoungGen      total 25088K, used 24704K [0x00000000eab00000, 0x00000000ec980000, 0x0000000100000000)
  eden space 24064K, 100% used [0x00000000eab00000,0x00000000ec280000,0x00000000ec280000)
  from space 1024K, 62% used [0x00000000ec880000,0x00000000ec920228,0x00000000ec980000)
  to   space 2560K, 0% used [0x00000000ec480000,0x00000000ec480000,0x00000000ec700000)
 ParOldGen       total 68608K, used 12842K [0x00000000c0000000, 0x00000000c4300000, 0x00000000eab00000)
  object space 68608K, 18% used [0x00000000c0000000,0x00000000c0c8abb8,0x00000000c4300000)
 Metaspace       used 26498K, committed 27328K, reserved 1114112K
  class space    used 2517K, committed 2880K, reserved 1048576K
}
Event: 6.108 GC heap after
{Heap after GC invocations=10 (full 1):
 PSYoungGen      total 26112K, used 2537K [0x00000000eab00000, 0x00000000ec900000, 0x0000000100000000)
  eden space 23552K, 0% used [0x00000000eab00000,0x00000000eab00000,0x00000000ec200000)
  from space 2560K, 99% used [0x00000000ec480000,0x00000000ec6fa4d8,0x00000000ec700000)
  to   space 2048K, 0% used [0x00000000ec700000,0x00000000ec700000,0x00000000ec900000)
 ParOldGen       total 68608K, used 12842K [0x00000000c0000000, 0x00000000c4300000, 0x00000000eab00000)
  object space 68608K, 18% used [0x00000000c0000000,0x00000000c0c8abb8,0x00000000c4300000)
 Metaspace       used 26498K, committed 27328K, reserved 1114112K
  class space    used 2517K, committed 2880K, reserved 1048576K
}
Event: 6.241 GC heap before
{Heap before GC invocations=11 (full 1):
 PSYoungGen      total 26112K, used 26089K [0x00000000eab00000, 0x00000000ec900000, 0x0000000100000000)
  eden space 23552K, 100% used [0x00000000eab00000,0x00000000ec200000,0x00000000ec200000)
  from space 2560K, 99% used [0x00000000ec480000,0x00000000ec6fa4d8,0x00000000ec700000)
  to   space 2048K, 0% used [0x00000000ec700000,0x00000000ec700000,0x00000000ec900000)
 ParOldGen       total 68608K, used 12842K [0x00000000c0000000, 0x00000000c4300000, 0x00000000eab00000)
  object space 68608K, 18% used [0x00000000c0000000,0x00000000c0c8abb8,0x00000000c4300000)
 Metaspace       used 28750K, committed 29632K, reserved 1114112K
  class space    used 2713K, committed 3072K, reserved 1048576K
}
Event: 6.243 GC heap after
{Heap after GC invocations=11 (full 1):
 PSYoungGen      total 25088K, used 2036K [0x00000000eab00000, 0x00000000ec980000, 0x0000000100000000)
  eden space 23040K, 0% used [0x00000000eab00000,0x00000000eab00000,0x00000000ec180000)
  from space 2048K, 99% used [0x00000000ec700000,0x00000000ec8fd350,0x00000000ec900000)
  to   space 4096K, 0% used [0x00000000ec180000,0x00000000ec180000,0x00000000ec580000)
 ParOldGen       total 68608K, used 14275K [0x00000000c0000000, 0x00000000c4300000, 0x00000000eab00000)
  object space 68608K, 20% used [0x00000000c0000000,0x00000000c0df0e88,0x00000000c4300000)
 Metaspace       used 28750K, committed 29632K, reserved 1114112K
  class space    used 2713K, committed 3072K, reserved 1048576K
}
Event: 6.667 GC heap before
{Heap before GC invocations=12 (full 1):
 PSYoungGen      total 25088K, used 25076K [0x00000000eab00000, 0x00000000ec980000, 0x0000000100000000)
  eden space 23040K, 100% used [0x00000000eab00000,0x00000000ec180000,0x00000000ec180000)
  from space 2048K, 99% used [0x00000000ec700000,0x00000000ec8fd350,0x00000000ec900000)
  to   space 4096K, 0% used [0x00000000ec180000,0x00000000ec180000,0x00000000ec580000)
 ParOldGen       total 68608K, used 14275K [0x00000000c0000000, 0x00000000c4300000, 0x00000000eab00000)
  object space 68608K, 20% used [0x00000000c0000000,0x00000000c0df0e88,0x00000000c4300000)
 Metaspace       used 31542K, committed 32512K, reserved 1114112K
  class space    used 3057K, committed 3520K, reserved 1048576K
}
Event: 6.670 GC heap after
{Heap after GC invocations=12 (full 1):
 PSYoungGen      total 24576K, used 1625K [0x00000000eab00000, 0x00000000ec780000, 0x0000000100000000)
  eden space 22528K, 0% used [0x00000000eab00000,0x00000000eab00000,0x00000000ec100000)
  from space 2048K, 79% used [0x00000000ec180000,0x00000000ec316780,0x00000000ec380000)
  to   space 2560K, 0% used [0x00000000ec500000,0x00000000ec500000,0x00000000ec780000)
 ParOldGen       total 68608K, used 16280K [0x00000000c0000000, 0x00000000c4300000, 0x00000000eab00000)
  object space 68608K, 23% used [0x00000000c0000000,0x00000000c0fe6178,0x00000000c4300000)
 Metaspace       used 31542K, committed 32512K, reserved 1114112K
  class space    used 3057K, committed 3520K, reserved 1048576K
}
Event: 6.897 GC heap before
{Heap before GC invocations=13 (full 1):
 PSYoungGen      total 24576K, used 24153K [0x00000000eab00000, 0x00000000ec780000, 0x0000000100000000)
  eden space 22528K, 100% used [0x00000000eab00000,0x00000000ec100000,0x00000000ec100000)
  from space 2048K, 79% used [0x00000000ec180000,0x00000000ec316780,0x00000000ec380000)
  to   space 2560K, 0% used [0x00000000ec500000,0x00000000ec500000,0x00000000ec780000)
 ParOldGen       total 68608K, used 16280K [0x00000000c0000000, 0x00000000c4300000, 0x00000000eab00000)
  object space 68608K, 23% used [0x00000000c0000000,0x00000000c0fe6178,0x00000000c4300000)
 Metaspace       used 34387K, committed 35392K, reserved 1114112K
  class space    used 3420K, committed 3840K, reserved 1048576K
}
Event: 6.900 GC heap after
{Heap after GC invocations=13 (full 1):
 PSYoungGen      total 24576K, used 2144K [0x00000000eab00000, 0x00000000ec780000, 0x0000000100000000)
  eden space 22016K, 0% used [0x00000000eab00000,0x00000000eab00000,0x00000000ec080000)
  from space 2560K, 83% used [0x00000000ec500000,0x00000000ec718000,0x00000000ec780000)
  to   space 2560K, 0% used [0x00000000ec280000,0x00000000ec280000,0x00000000ec500000)
 ParOldGen       total 68608K, used 17416K [0x00000000c0000000, 0x00000000c4300000, 0x00000000eab00000)
  object space 68608K, 25% used [0x00000000c0000000,0x00000000c1102008,0x00000000c4300000)
 Metaspace       used 34387K, committed 35392K, reserved 1114112K
  class space    used 3420K, committed 3840K, reserved 1048576K
}
Event: 6.949 GC heap before
{Heap before GC invocations=14 (full 1):
 PSYoungGen      total 24576K, used 5431K [0x00000000eab00000, 0x00000000ec780000, 0x0000000100000000)
  eden space 22016K, 14% used [0x00000000eab00000,0x00000000eae35d40,0x00000000ec080000)
  from space 2560K, 83% used [0x00000000ec500000,0x00000000ec718000,0x00000000ec780000)
  to   space 2560K, 0% used [0x00000000ec280000,0x00000000ec280000,0x00000000ec500000)
 ParOldGen       total 68608K, used 17416K [0x00000000c0000000, 0x00000000c4300000, 0x00000000eab00000)
  object space 68608K, 25% used [0x00000000c0000000,0x00000000c1102008,0x00000000c4300000)
 Metaspace       used 34832K, committed 35840K, reserved 1114112K
  class space    used 3469K, committed 3904K, reserved 1048576K
}
Event: 6.951 GC heap after
{Heap after GC invocations=14 (full 1):
 PSYoungGen      total 22528K, used 512K [0x00000000eab00000, 0x00000000ec580000, 0x0000000100000000)
  eden space 22016K, 0% used [0x00000000eab00000,0x00000000eab00000,0x00000000ec080000)
  from space 512K, 100% used [0x00000000ec280000,0x00000000ec300000,0x00000000ec300000)
  to   space 1536K, 0% used [0x00000000ec400000,0x00000000ec400000,0x00000000ec580000)
 ParOldGen       total 68608K, used 19296K [0x00000000c0000000, 0x00000000c4300000, 0x00000000eab00000)
  object space 68608K, 28% used [0x00000000c0000000,0x00000000c12d8028,0x00000000c4300000)
 Metaspace       used 34832K, committed 35840K, reserved 1114112K
  class space    used 3469K, committed 3904K, reserved 1048576K
}
Event: 6.951 GC heap before
{Heap before GC invocations=15 (full 2):
 PSYoungGen      total 22528K, used 512K [0x00000000eab00000, 0x00000000ec580000, 0x0000000100000000)
  eden space 22016K, 0% used [0x00000000eab00000,0x00000000eab00000,0x00000000ec080000)
  from space 512K, 100% used [0x00000000ec280000,0x00000000ec300000,0x00000000ec300000)
  to   space 1536K, 0% used [0x00000000ec400000,0x00000000ec400000,0x00000000ec580000)
 ParOldGen       total 68608K, used 19296K [0x00000000c0000000, 0x00000000c4300000, 0x00000000eab00000)
  object space 68608K, 28% used [0x00000000c0000000,0x00000000c12d8028,0x00000000c4300000)
 Metaspace       used 34832K, committed 35840K, reserved 1114112K
  class space    used 3469K, committed 3904K, reserved 1048576K
}
Event: 6.981 GC heap after
{Heap after GC invocations=15 (full 2):
 PSYoungGen      total 22528K, used 0K [0x00000000eab00000, 0x00000000ec580000, 0x0000000100000000)
  eden space 22016K, 0% used [0x00000000eab00000,0x00000000eab00000,0x00000000ec080000)
  from space 512K, 0% used [0x00000000ec280000,0x00000000ec280000,0x00000000ec300000)
  to   space 1536K, 0% used [0x00000000ec400000,0x00000000ec400000,0x00000000ec580000)
 ParOldGen       total 68608K, used 18796K [0x00000000c0000000, 0x00000000c4300000, 0x00000000eab00000)
  object space 68608K, 27% used [0x00000000c0000000,0x00000000c125b1b8,0x00000000c4300000)
 Metaspace       used 34811K, committed 35840K, reserved 1114112K
  class space    used 3464K, committed 3904K, reserved 1048576K
}
Event: 7.540 GC heap before
{Heap before GC invocations=16 (full 2):
 PSYoungGen      total 22528K, used 22016K [0x00000000eab00000, 0x00000000ec580000, 0x0000000100000000)
  eden space 22016K, 100% used [0x00000000eab00000,0x00000000ec080000,0x00000000ec080000)
  from space 512K, 0% used [0x00000000ec280000,0x00000000ec280000,0x00000000ec300000)
  to   space 1536K, 0% used [0x00000000ec400000,0x00000000ec400000,0x00000000ec580000)
 ParOldGen       total 68608K, used 18796K [0x00000000c0000000, 0x00000000c4300000, 0x00000000eab00000)
  object space 68608K, 27% used [0x00000000c0000000,0x00000000c125b1b8,0x00000000c4300000)
 Metaspace       used 37486K, committed 38592K, reserved 1114112K
  class space    used 3886K, committed 4352K, reserved 1048576K
}
Event: 7.541 GC heap after
{Heap after GC invocations=16 (full 2):
 PSYoungGen      total 23040K, used 864K [0x00000000eab00000, 0x00000000ec500000, 0x0000000100000000)
  eden space 22016K, 0% used [0x00000000eab00000,0x00000000eab00000,0x00000000ec080000)
  from space 1024K, 84% used [0x00000000ec400000,0x00000000ec4d8000,0x00000000ec500000)
  to   space 1024K, 0% used [0x00000000ec300000,0x00000000ec300000,0x00000000ec400000)
 ParOldGen       total 68608K, used 18804K [0x00000000c0000000, 0x00000000c4300000, 0x00000000eab00000)
  object space 68608K, 27% used [0x00000000c0000000,0x00000000c125d1b8,0x00000000c4300000)
 Metaspace       used 37486K, committed 38592K, reserved 1114112K
  class space    used 3886K, committed 4352K, reserved 1048576K
}
Event: 7.749 GC heap before
{Heap before GC invocations=17 (full 2):
 PSYoungGen      total 23040K, used 22880K [0x00000000eab00000, 0x00000000ec500000, 0x0000000100000000)
  eden space 22016K, 100% used [0x00000000eab00000,0x00000000ec080000,0x00000000ec080000)
  from space 1024K, 84% used [0x00000000ec400000,0x00000000ec4d8000,0x00000000ec500000)
  to   space 1024K, 0% used [0x00000000ec300000,0x00000000ec300000,0x00000000ec400000)
 ParOldGen       total 68608K, used 18804K [0x00000000c0000000, 0x00000000c4300000, 0x00000000eab00000)
  object space 68608K, 27% used [0x00000000c0000000,0x00000000c125d1b8,0x00000000c4300000)
 Metaspace       used 39003K, committed 40128K, reserved 1114112K
  class space    used 4111K, committed 4608K, reserved 1048576K
}
Event: 7.751 GC heap after
{Heap after GC invocations=17 (full 2):
 PSYoungGen      total 23040K, used 772K [0x00000000eab00000, 0x00000000ec480000, 0x0000000100000000)
  eden space 22016K, 0% used [0x00000000eab00000,0x00000000eab00000,0x00000000ec080000)
  from space 1024K, 75% used [0x00000000ec300000,0x00000000ec3c1168,0x00000000ec400000)
  to   space 512K, 0% used [0x00000000ec400000,0x00000000ec400000,0x00000000ec480000)
 ParOldGen       total 68608K, used 19324K [0x00000000c0000000, 0x00000000c4300000, 0x00000000eab00000)
  object space 68608K, 28% used [0x00000000c0000000,0x00000000c12df1b8,0x00000000c4300000)
 Metaspace       used 39003K, committed 40128K, reserved 1114112K
  class space    used 4111K, committed 4608K, reserved 1048576K
}
Event: 7.961 GC heap before
{Heap before GC invocations=18 (full 2):
 PSYoungGen      total 23040K, used 22788K [0x00000000eab00000, 0x00000000ec480000, 0x0000000100000000)
  eden space 22016K, 100% used [0x00000000eab00000,0x00000000ec080000,0x00000000ec080000)
  from space 1024K, 75% used [0x00000000ec300000,0x00000000ec3c1168,0x00000000ec400000)
  to   space 512K, 0% used [0x00000000ec400000,0x00000000ec400000,0x00000000ec480000)
 ParOldGen       total 68608K, used 19324K [0x00000000c0000000, 0x00000000c4300000, 0x00000000eab00000)
  object space 68608K, 28% used [0x00000000c0000000,0x00000000c12df1b8,0x00000000c4300000)
 Metaspace       used 41159K, committed 42304K, reserved 1114112K
  class space    used 4380K, committed 4864K, reserved 1048576K
}
Event: 7.963 GC heap after
{Heap after GC invocations=18 (full 2):
 PSYoungGen      total 22528K, used 512K [0x00000000eab00000, 0x00000000ec480000, 0x0000000100000000)
  eden space 22016K, 0% used [0x00000000eab00000,0x00000000eab00000,0x00000000ec080000)
  from space 512K, 100% used [0x00000000ec400000,0x00000000ec480000,0x00000000ec480000)
  to   space 1536K, 0% used [0x00000000ec180000,0x00000000ec180000,0x00000000ec300000)
 ParOldGen       total 68608K, used 19964K [0x00000000c0000000, 0x00000000c4300000, 0x00000000eab00000)
  object space 68608K, 29% used [0x00000000c0000000,0x00000000c137f1b8,0x00000000c4300000)
 Metaspace       used 41159K, committed 42304K, reserved 1114112K
  class space    used 4380K, committed 4864K, reserved 1048576K
}
Event: 8.264 GC heap before
{Heap before GC invocations=19 (full 2):
 PSYoungGen      total 22528K, used 22528K [0x00000000eab00000, 0x00000000ec480000, 0x0000000100000000)
  eden space 22016K, 100% used [0x00000000eab00000,0x00000000ec080000,0x00000000ec080000)
  from space 512K, 100% used [0x00000000ec400000,0x00000000ec480000,0x00000000ec480000)
  to   space 1536K, 0% used [0x00000000ec180000,0x00000000ec180000,0x00000000ec300000)
 ParOldGen       total 68608K, used 19964K [0x00000000c0000000, 0x00000000c4300000, 0x00000000eab00000)
  object space 68608K, 29% used [0x00000000c0000000,0x00000000c137f1b8,0x00000000c4300000)
 Metaspace       used 43637K, committed 44800K, reserved 1114112K
  class space    used 4689K, committed 5184K, reserved 1048576K
}
Event: 8.266 GC heap after
{Heap after GC invocations=19 (full 2):
 PSYoungGen      total 23552K, used 1520K [0x00000000eab00000, 0x00000000ec580000, 0x0000000100000000)
  eden space 22016K, 0% used [0x00000000eab00000,0x00000000eab00000,0x00000000ec080000)
  from space 1536K, 98% used [0x00000000ec180000,0x00000000ec2fc1a0,0x00000000ec300000)
  to   space 2560K, 0% used [0x00000000ec300000,0x00000000ec300000,0x00000000ec580000)
 ParOldGen       total 68608K, used 20768K [0x00000000c0000000, 0x00000000c4300000, 0x00000000eab00000)
  object space 68608K, 30% used [0x00000000c0000000,0x00000000c14481c8,0x00000000c4300000)
 Metaspace       used 43637K, committed 44800K, reserved 1114112K
  class space    used 4689K, committed 5184K, reserved 1048576K
}

Dll operation events (10 events):
Event: 0.010 Loaded shared library c:\Users\USER\.vscode\extensions\redhat.java-1.42.0-win32-x64\jre\21.0.7-win32-x86_64\bin\java.dll
Event: 0.063 Loaded shared library c:\Users\USER\.vscode\extensions\redhat.java-1.42.0-win32-x64\jre\21.0.7-win32-x86_64\bin\zip.dll
Event: 0.130 Loaded shared library C:\Users\USER\.vscode\extensions\redhat.java-1.42.0-win32-x64\jre\21.0.7-win32-x86_64\bin\instrument.dll
Event: 0.133 Loaded shared library C:\Users\USER\.vscode\extensions\redhat.java-1.42.0-win32-x64\jre\21.0.7-win32-x86_64\bin\net.dll
Event: 0.134 Loaded shared library C:\Users\USER\.vscode\extensions\redhat.java-1.42.0-win32-x64\jre\21.0.7-win32-x86_64\bin\nio.dll
Event: 0.138 Loaded shared library C:\Users\USER\.vscode\extensions\redhat.java-1.42.0-win32-x64\jre\21.0.7-win32-x86_64\bin\zip.dll
Event: 0.156 Loaded shared library C:\Users\USER\.vscode\extensions\redhat.java-1.42.0-win32-x64\jre\21.0.7-win32-x86_64\bin\jimage.dll
Event: 0.217 Loaded shared library c:\Users\USER\.vscode\extensions\redhat.java-1.42.0-win32-x64\jre\21.0.7-win32-x86_64\bin\verify.dll
Event: 1.008 Loaded shared library C:\Users\USER\AppData\Roaming\Code\User\globalStorage\redhat.java\1.42.0\config_win\org.eclipse.equinox.launcher\org.eclipse.equinox.launcher.win32.win32.x86_64_1.2.1300.v20250331-1702\eclipse_11911.dll
Event: 5.076 Loaded shared library C:\Users\USER\AppData\Local\Temp\jna-2614219\jna4976376687332046464.dll

Deoptimization events (20 events):
Event: 8.054 Thread 0x00000261768719d0 Uncommon trap: trap_request=0xffffffd6 fr.pc=0x0000026123193ae8 relative=0x00000000000000c8
Event: 8.054 Thread 0x00000261768719d0 Uncommon trap: reason=array_check action=maybe_recompile pc=0x0000026123193ae8 method=java.util.stream.Nodes$FixedNodeBuilder.accept(Ljava/lang/Object;)V @ 28 c2
Event: 8.054 Thread 0x00000261768719d0 DEOPT PACKING pc=0x0000026123193ae8 sp=0x000000ca9c8fe340
Event: 8.054 Thread 0x00000261768719d0 DEOPT UNPACKING pc=0x00000261229c3aa2 sp=0x000000ca9c8fe2c0 mode 2
Event: 8.054 Thread 0x00000261768719d0 Uncommon trap: trap_request=0xffffffd6 fr.pc=0x0000026123193ae8 relative=0x00000000000000c8
Event: 8.054 Thread 0x00000261768719d0 Uncommon trap: reason=array_check action=maybe_recompile pc=0x0000026123193ae8 method=java.util.stream.Nodes$FixedNodeBuilder.accept(Ljava/lang/Object;)V @ 28 c2
Event: 8.054 Thread 0x00000261768719d0 DEOPT PACKING pc=0x0000026123193ae8 sp=0x000000ca9c8fe340
Event: 8.054 Thread 0x00000261768719d0 DEOPT UNPACKING pc=0x00000261229c3aa2 sp=0x000000ca9c8fe2c0 mode 2
Event: 8.171 Thread 0x00000261768719d0 Uncommon trap: trap_request=0xffffff45 fr.pc=0x00000261232cb2b4 relative=0x0000000000000534
Event: 8.171 Thread 0x00000261768719d0 Uncommon trap: reason=unstable_if action=reinterpret pc=0x00000261232cb2b4 method=java.util.TreeMap.put(Ljava/lang/Object;Ljava/lang/Object;Z)Ljava/lang/Object; @ 27 c2
Event: 8.171 Thread 0x00000261768719d0 DEOPT PACKING pc=0x00000261232cb2b4 sp=0x000000ca9c8fe160
Event: 8.171 Thread 0x00000261768719d0 DEOPT UNPACKING pc=0x00000261229c3aa2 sp=0x000000ca9c8fe0d0 mode 2
Event: 8.222 Thread 0x00000261768719d0 Uncommon trap: trap_request=0xffffff45 fr.pc=0x0000026123222d04 relative=0x00000000000002a4
Event: 8.222 Thread 0x00000261768719d0 Uncommon trap: reason=unstable_if action=reinterpret pc=0x0000026123222d04 method=java.lang.ClassLoader.checkName(Ljava/lang/String;)Z @ 1 c2
Event: 8.222 Thread 0x00000261768719d0 DEOPT PACKING pc=0x0000026123222d04 sp=0x000000ca9c8fdf20
Event: 8.222 Thread 0x00000261768719d0 DEOPT UNPACKING pc=0x00000261229c3aa2 sp=0x000000ca9c8fdeb8 mode 2
Event: 8.222 Thread 0x00000261768719d0 Uncommon trap: trap_request=0xffffff45 fr.pc=0x0000026123180b10 relative=0x0000000000000fb0
Event: 8.222 Thread 0x00000261768719d0 Uncommon trap: reason=unstable_if action=reinterpret pc=0x0000026123180b10 method=lombok.patcher.ScriptManager$OurClassFileTransformer.transform(Ljava/lang/ClassLoader;Ljava/lang/String;Ljava/lang/Class;Ljava/security/ProtectionDomain;[B)[B @ 1 c2
Event: 8.222 Thread 0x00000261768719d0 DEOPT PACKING pc=0x0000026123180b10 sp=0x000000ca9c8fcb70
Event: 8.222 Thread 0x00000261768719d0 DEOPT UNPACKING pc=0x00000261229c3aa2 sp=0x000000ca9c8fcb08 mode 2

Classes loaded (20 events):
Event: 7.844 Loading class sun/reflect/annotation/AnnotatedTypeFactory$AnnotatedParameterizedTypeImpl
Event: 7.847 Loading class java/lang/reflect/AnnotatedParameterizedType
Event: 7.847 Loading class java/lang/reflect/AnnotatedParameterizedType done
Event: 7.847 Loading class sun/reflect/annotation/AnnotatedTypeFactory$AnnotatedParameterizedTypeImpl done
Event: 7.890 Loading class java/util/concurrent/CompletionService
Event: 7.890 Loading class java/util/concurrent/CompletionService done
Event: 7.960 Loading class java/io/FileFilter
Event: 7.960 Loading class java/io/FileFilter done
Event: 8.013 Loading class java/util/concurrent/ConcurrentHashMap$ValueSpliterator
Event: 8.016 Loading class java/util/concurrent/ConcurrentHashMap$ValueSpliterator done
Event: 8.017 Loading class jdk/internal/loader/BootLoader$PackageHelper
Event: 8.020 Loading class jdk/internal/loader/BootLoader$PackageHelper done
Event: 8.059 Loading class sun/reflect/generics/scope/ConstructorScope
Event: 8.059 Loading class sun/reflect/generics/scope/ConstructorScope done
Event: 8.059 Loading class sun/reflect/generics/tree/VoidDescriptor
Event: 8.060 Loading class sun/reflect/generics/tree/VoidDescriptor done
Event: 8.071 Loading class java/nio/channels/ServerSocketChannel
Event: 8.071 Loading class java/nio/channels/ServerSocketChannel done
Event: 8.160 Loading class java/lang/ExceptionInInitializerError
Event: 8.163 Loading class java/lang/ExceptionInInitializerError done

Classes unloaded (19 events):
Event: 5.825 Thread 0x000002612c704a50 Unloading class 0x000002612e1a4400 'java/lang/invoke/LambdaForm$MH+0x000002612e1a4400'
Event: 5.825 Thread 0x000002612c704a50 Unloading class 0x000002612e1a4000 'java/lang/invoke/LambdaForm$MH+0x000002612e1a4000'
Event: 5.825 Thread 0x000002612c704a50 Unloading class 0x000002612e1a3c00 'java/lang/invoke/LambdaForm$MH+0x000002612e1a3c00'
Event: 5.825 Thread 0x000002612c704a50 Unloading class 0x000002612e1a3800 'java/lang/invoke/LambdaForm$MH+0x000002612e1a3800'
Event: 5.825 Thread 0x000002612c704a50 Unloading class 0x000002612e1a3400 'java/lang/invoke/LambdaForm$BMH+0x000002612e1a3400'
Event: 5.825 Thread 0x000002612c704a50 Unloading class 0x000002612e1a3000 'java/lang/invoke/LambdaForm$DMH+0x000002612e1a3000'
Event: 5.825 Thread 0x000002612c704a50 Unloading class 0x000002612e1a1c00 'java/lang/invoke/LambdaForm$DMH+0x000002612e1a1c00'
Event: 6.955 Thread 0x000002612c704a50 Unloading class 0x000002612e3e5800 'java/lang/invoke/LambdaForm$MH+0x000002612e3e5800'
Event: 6.955 Thread 0x000002612c704a50 Unloading class 0x000002612e3e4c00 'java/lang/invoke/LambdaForm$MH+0x000002612e3e4c00'
Event: 6.955 Thread 0x000002612c704a50 Unloading class 0x000002612e3e4400 'java/lang/invoke/LambdaForm$MH+0x000002612e3e4400'
Event: 6.955 Thread 0x000002612c704a50 Unloading class 0x000002612e3e3c00 'java/lang/invoke/LambdaForm$MH+0x000002612e3e3c00'
Event: 6.955 Thread 0x000002612c704a50 Unloading class 0x000002612e3e3800 'java/lang/invoke/LambdaForm$DMH+0x000002612e3e3800'
Event: 6.955 Thread 0x000002612c704a50 Unloading class 0x000002612e3e2c00 'java/lang/invoke/LambdaForm$MH+0x000002612e3e2c00'
Event: 6.955 Thread 0x000002612c704a50 Unloading class 0x000002612e3db400 'java/lang/invoke/LambdaForm$MH+0x000002612e3db400'
Event: 6.955 Thread 0x000002612c704a50 Unloading class 0x000002612e3dac00 'java/lang/invoke/LambdaForm$MH+0x000002612e3dac00'
Event: 6.955 Thread 0x000002612c704a50 Unloading class 0x000002612e3da400 'java/lang/invoke/LambdaForm$MH+0x000002612e3da400'
Event: 6.955 Thread 0x000002612c704a50 Unloading class 0x000002612e3d9c00 'java/lang/invoke/LambdaForm$MH+0x000002612e3d9c00'
Event: 6.955 Thread 0x000002612c704a50 Unloading class 0x000002612e3d9800 'java/lang/invoke/LambdaForm$MH+0x000002612e3d9800'
Event: 6.955 Thread 0x000002612c704a50 Unloading class 0x000002612e3d8c00 'java/lang/invoke/LambdaForm$MH+0x000002612e3d8c00'

Classes redefined (0 events):
No events

Internal exceptions (20 events):
Event: 6.870 Thread 0x00000261768719d0 Exception <a 'java/lang/NoSuchMethodError'{0x00000000ebdcd758}: 'int java.lang.invoke.DirectMethodHandle$Holder.invokeStaticInit(java.lang.Object, double, double)'> (0x00000000ebdcd758) 
thrown [s\src\hotspot\share\interpreter\linkResolver.cpp, line 773]
Event: 6.871 Thread 0x00000261768719d0 Exception <a 'java/lang/NoSuchMethodError'{0x00000000ebdd1b88}: 'int java.lang.invoke.DirectMethodHandle$Holder.invokeStatic(java.lang.Object, long)'> (0x00000000ebdd1b88) 
thrown [s\src\hotspot\share\interpreter\linkResolver.cpp, line 773]
Event: 6.873 Thread 0x00000261768719d0 Exception <a 'java/lang/NoSuchMethodError'{0x00000000ebe18590}: 'int java.lang.invoke.Invokers$Holder.linkToTargetMethod(java.lang.Object, java.lang.Object)'> (0x00000000ebe18590) 
thrown [s\src\hotspot\share\interpreter\linkResolver.cpp, line 773]
Event: 6.873 Thread 0x00000261768754e0 Exception <a 'java/lang/NoSuchMethodError'{0x00000000ebe1d080}: 'int java.lang.invoke.Invokers$Holder.linkToTargetMethod(java.lang.Object, java.lang.Object)'> (0x00000000ebe1d080) 
thrown [s\src\hotspot\share\interpreter\linkResolver.cpp, line 773]
Event: 6.873 Thread 0x00000261768754e0 Exception <a 'java/lang/NoSuchMethodError'{0x00000000ebe40718}: 'int java.lang.invoke.DirectMethodHandle$Holder.invokeSpecial(java.lang.Object, java.lang.Object, java.lang.Object, java.lang.Object)'> (0x00000000ebe40718) 
thrown [s\src\hotspot\share\interpreter\linkResolver.cpp, line 773]
Event: 6.874 Thread 0x00000261768754e0 Exception <a 'java/lang/NoSuchMethodError'{0x00000000ebe5b768}: 'java.lang.Object java.lang.invoke.DirectMethodHandle$Holder.invokeStatic(java.lang.Object, int, java.lang.Object, java.lang.Object)'> (0x00000000ebe5b768) 
thrown [s\src\hotspot\share\interpreter\linkResolver.cpp, line 773]
Event: 6.875 Thread 0x00000261768754e0 Exception <a 'java/lang/NoSuchMethodError'{0x00000000ebe5ef48}: 'java.lang.Object java.lang.invoke.DelegatingMethodHandle$Holder.delegate(java.lang.Object, int, java.lang.Object, java.lang.Object)'> (0x00000000ebe5ef48) 
thrown [s\src\hotspot\share\interpreter\linkResolver.cpp, line 773]
Event: 6.875 Thread 0x00000261768754e0 Implicit null exception at 0x00000261232f6e76 to 0x00000261232f7198
Event: 6.876 Thread 0x00000261768754e0 Exception <a 'java/lang/NoSuchMethodError'{0x00000000ebe994a0}: 'int java.lang.invoke.Invokers$Holder.linkToTargetMethod(java.lang.Object, java.lang.Object, java.lang.Object)'> (0x00000000ebe994a0) 
thrown [s\src\hotspot\share\interpreter\linkResolver.cpp, line 773]
Event: 6.900 Thread 0x000002617838e0f0 Implicit null exception at 0x0000026123281706 to 0x00000261232817fc
Event: 6.939 Thread 0x00000261768719d0 Exception <a 'java/lang/NoSuchMethodError'{0x00000000ead1a9b8}: 'java.lang.Object java.lang.invoke.DirectMethodHandle$Holder.invokeSpecialIFC(java.lang.Object, java.lang.Object, java.lang.Object, java.lang.Object)'> (0x00000000ead1a9b8) 
thrown [s\src\hotspot\share\interpreter\linkResolver.cpp, line 773]
Event: 7.240 Thread 0x000002617838b990 Exception <a 'java/lang/NoSuchMethodError'{0x00000000eb0cbcd0}: 'void java.lang.invoke.DirectMethodHandle$Holder.invokeStaticInit(java.lang.Object, java.lang.Object, java.lang.Object)'> (0x00000000eb0cbcd0) 
thrown [s\src\hotspot\share\interpreter\linkResolver.cpp, line 773]
Event: 7.436 Thread 0x000002617838b990 Exception <a 'java/lang/NoSuchMethodError'{0x00000000eb7d8a90}: 'java.lang.Object java.lang.invoke.DirectMethodHandle$Holder.invokeVirtual(java.lang.Object, java.lang.Object, java.lang.Object, java.lang.Object)'> (0x00000000eb7d8a90) 
thrown [s\src\hotspot\share\interpreter\linkResolver.cpp, line 773]
Event: 7.444 Thread 0x000002617838b990 Exception <a 'java/lang/NoSuchMethodError'{0x00000000eb810720}: 'java.lang.Object java.lang.invoke.DirectMethodHandle$Holder.invokeVirtual(java.lang.Object, java.lang.Object, java.lang.Object, java.lang.Object, java.lang.Object)'> (0x00000000eb810720) 
thrown [s\src\hotspot\share\interpreter\linkResolver.cpp, line 773]
Event: 7.563 Thread 0x00000261768719d0 Exception <a 'java/lang/NoClassDefFoundError'{0x00000000eadd8098}: javax/enterprise/inject/Typed> (0x00000000eadd8098) 
thrown [s\src\hotspot\share\classfile\systemDictionary.cpp, line 301]
Event: 7.680 Thread 0x000002617838c6b0 Implicit null exception at 0x000002612319f61b to 0x000002612319f868
Event: 8.164 Thread 0x00000261768719d0 Exception <a 'java/lang/ExceptionInInitializerError'{0x00000000eba40a78}> (0x00000000eba40a78) 
thrown [s\src\hotspot\share\oops\instanceKlass.cpp, line 1220]
Event: 8.222 Thread 0x00000261768719d0 Implicit null exception at 0x0000026123222a7e to 0x0000026123222cf0
Event: 8.222 Thread 0x00000261768719d0 Implicit null exception at 0x000002612317fbbc to 0x0000026123180b00
Event: 8.226 Thread 0x00000261768719d0 Exception <a 'java/lang/NoSuchMethodError'{0x00000000ebc01238}: 'java.lang.Object java.lang.invoke.Invokers$Holder.invokeExact_MT(java.lang.Object, int, java.lang.Object)'> (0x00000000ebc01238) 
thrown [s\src\hotspot\share\interpreter\linkResolver.cpp, line 773]

ZGC Phase Switch (0 events):
No events

VM Operations (20 events):
Event: 6.949 Executing VM operation: CollectForMetadataAllocation (Metadata GC Threshold)
Event: 6.981 Executing VM operation: CollectForMetadataAllocation (Metadata GC Threshold) done
Event: 7.540 Executing VM operation: ParallelGCFailedAllocation (Allocation Failure)
Event: 7.541 Executing VM operation: ParallelGCFailedAllocation (Allocation Failure) done
Event: 7.558 Executing VM operation: HandshakeAllThreads (Deoptimize)
Event: 7.558 Executing VM operation: HandshakeAllThreads (Deoptimize) done
Event: 7.749 Executing VM operation: ParallelGCFailedAllocation (Allocation Failure)
Event: 7.751 Executing VM operation: ParallelGCFailedAllocation (Allocation Failure) done
Event: 7.867 Executing VM operation: HandshakeAllThreads (Deoptimize)
Event: 7.867 Executing VM operation: HandshakeAllThreads (Deoptimize) done
Event: 7.958 Executing VM operation: HandshakeAllThreads (Deoptimize)
Event: 7.958 Executing VM operation: HandshakeAllThreads (Deoptimize) done
Event: 7.961 Executing VM operation: ParallelGCFailedAllocation (Allocation Failure)
Event: 7.963 Executing VM operation: ParallelGCFailedAllocation (Allocation Failure) done
Event: 8.002 Executing VM operation: HandshakeAllThreads (Deoptimize)
Event: 8.002 Executing VM operation: HandshakeAllThreads (Deoptimize) done
Event: 8.244 Executing VM operation: HandshakeAllThreads (Deoptimize)
Event: 8.244 Executing VM operation: HandshakeAllThreads (Deoptimize) done
Event: 8.264 Executing VM operation: ParallelGCFailedAllocation (Allocation Failure)
Event: 8.266 Executing VM operation: ParallelGCFailedAllocation (Allocation Failure) done

Memory protections (0 events):
No events

Nmethod flushes (20 events):
Event: 6.966 Thread 0x000002612c704a50 flushing  nmethod 0x000002611bc08210
Event: 6.966 Thread 0x000002612c704a50 flushing  nmethod 0x000002611bc0a310
Event: 6.966 Thread 0x000002612c704a50 flushing  nmethod 0x000002611bc0bd10
Event: 6.966 Thread 0x000002612c704a50 flushing  nmethod 0x000002611bc1ae10
Event: 6.966 Thread 0x000002612c704a50 flushing  nmethod 0x000002611bc44f10
Event: 6.966 Thread 0x000002612c704a50 flushing  nmethod 0x000002611bc45310
Event: 6.966 Thread 0x000002612c704a50 flushing  nmethod 0x000002611bc45c10
Event: 6.966 Thread 0x000002612c704a50 flushing  nmethod 0x000002611bc46e10
Event: 6.966 Thread 0x000002612c704a50 flushing  nmethod 0x000002611bc47610
Event: 6.966 Thread 0x000002612c704a50 flushing  nmethod 0x000002611bc49310
Event: 6.966 Thread 0x000002612c704a50 flushing  nmethod 0x000002611bc4a790
Event: 6.966 Thread 0x000002612c704a50 flushing  nmethod 0x000002611bc4ac10
Event: 6.966 Thread 0x000002612c704a50 flushing  nmethod 0x000002611bc4b110
Event: 6.966 Thread 0x000002612c704a50 flushing  nmethod 0x000002611bc55f90
Event: 6.966 Thread 0x000002612c704a50 flushing  nmethod 0x000002611bca8410
Event: 6.966 Thread 0x000002612c704a50 flushing  nmethod 0x000002611bcb0290
Event: 6.966 Thread 0x000002612c704a50 flushing  nmethod 0x000002611bcb9190
Event: 6.966 Thread 0x000002612c704a50 flushing  nmethod 0x000002611bd58010
Event: 6.966 Thread 0x000002612c704a50 flushing  nmethod 0x000002611bd62b90
Event: 6.966 Thread 0x000002612c704a50 flushing  nmethod 0x000002611bd88810

Events (20 events):
Event: 6.617 Thread 0x000002611832bfc0 Thread added: 0x00000261768747c0
Event: 6.617 Thread 0x000002611832bfc0 Thread added: 0x0000026178386ad0
Event: 6.618 Thread 0x000002611832bfc0 Thread added: 0x000002617838da60
Event: 6.618 Thread 0x000002611832bfc0 Thread added: 0x0000026178387160
Event: 6.618 Thread 0x000002611832bfc0 Thread added: 0x0000026178388ba0
Event: 6.618 Thread 0x000002611832bfc0 Thread added: 0x0000026178389230
Event: 6.618 Thread 0x000002611832bfc0 Thread added: 0x0000026178389f50
Event: 6.618 Thread 0x000002611832bfc0 Thread added: 0x0000026178387e80
Event: 6.618 Thread 0x000002611832bfc0 Thread added: 0x000002617838cd40
Event: 6.618 Thread 0x000002611832bfc0 Thread added: 0x00000261783898c0
Event: 6.639 Thread 0x000002611832bfc0 Thread added: 0x000002617838a5e0
Event: 6.833 Thread 0x000002611832bfc0 Thread added: 0x000002617838ac70
Event: 6.833 Thread 0x000002611832bfc0 Thread added: 0x000002617838e0f0
Event: 7.115 Thread 0x00000261768d4020 Thread exited: 0x00000261768d4020
Event: 7.115 Thread 0x00000261768775b0 Thread added: 0x000002617838b990
Event: 7.239 Thread 0x000002617838b990 Thread added: 0x0000026178388510
Event: 7.298 Thread 0x000002617838b990 Thread added: 0x00000261783877f0
Event: 7.360 Thread 0x0000026176757030 Thread exited: 0x0000026176757030
Event: 7.509 Thread 0x000002617629d180 Thread added: 0x0000026176757030
Event: 7.549 Thread 0x000002617838b990 Thread added: 0x000002617838c6b0


Dynamic libraries:
0x00007ff6c1140000 - 0x00007ff6c114e000 	c:\Users\USER\.vscode\extensions\redhat.java-1.42.0-win32-x64\jre\21.0.7-win32-x86_64\bin\java.exe
0x00007ffca9c30000 - 0x00007ffca9e47000 	C:\WINDOWS\SYSTEM32\ntdll.dll
0x00007ffca8420000 - 0x00007ffca84e4000 	C:\WINDOWS\System32\KERNEL32.DLL
0x00007ffca72a0000 - 0x00007ffca7670000 	C:\WINDOWS\System32\KERNELBASE.dll
0x00007ffca7800000 - 0x00007ffca7911000 	C:\WINDOWS\System32\ucrtbase.dll
0x00007ffc97ea0000 - 0x00007ffc97ebe000 	c:\Users\USER\.vscode\extensions\redhat.java-1.42.0-win32-x64\jre\21.0.7-win32-x86_64\bin\VCRUNTIME140.dll
0x00007ffc97e80000 - 0x00007ffc97e98000 	c:\Users\USER\.vscode\extensions\redhat.java-1.42.0-win32-x64\jre\21.0.7-win32-x86_64\bin\jli.dll
0x00007ffca7dc0000 - 0x00007ffca7f6e000 	C:\WINDOWS\System32\USER32.dll
0x00007ffc96fd0000 - 0x00007ffc97262000 	C:\WINDOWS\WinSxS\amd64_microsoft.windows.common-controls_6595b64144ccf1df_6.0.22621.4830_none_270fe7d773858e80\COMCTL32.dll
0x00007ffca7170000 - 0x00007ffca7196000 	C:\WINDOWS\System32\win32u.dll
0x00007ffca7f70000 - 0x00007ffca8017000 	C:\WINDOWS\System32\msvcrt.dll
0x00007ffca9630000 - 0x00007ffca9659000 	C:\WINDOWS\System32\GDI32.dll
0x00007ffca7050000 - 0x00007ffca716b000 	C:\WINDOWS\System32\gdi32full.dll
0x00007ffca76a0000 - 0x00007ffca773a000 	C:\WINDOWS\System32\msvcp_win.dll
0x00007ffca8fb0000 - 0x00007ffca8fe1000 	C:\WINDOWS\System32\IMM32.DLL
0x00007ffc97f40000 - 0x00007ffc97f4c000 	c:\Users\USER\.vscode\extensions\redhat.java-1.42.0-win32-x64\jre\21.0.7-win32-x86_64\bin\vcruntime140_1.dll
0x00007ffc67090000 - 0x00007ffc6711d000 	c:\Users\USER\.vscode\extensions\redhat.java-1.42.0-win32-x64\jre\21.0.7-win32-x86_64\bin\msvcp140.dll
0x00007ffc319e0000 - 0x00007ffc32770000 	c:\Users\USER\.vscode\extensions\redhat.java-1.42.0-win32-x64\jre\21.0.7-win32-x86_64\bin\server\jvm.dll
0x00007ffca8360000 - 0x00007ffca8411000 	C:\WINDOWS\System32\ADVAPI32.dll
0x00007ffca7c80000 - 0x00007ffca7d27000 	C:\WINDOWS\System32\sechost.dll
0x00007ffca7670000 - 0x00007ffca7698000 	C:\WINDOWS\System32\bcrypt.dll
0x00007ffca8020000 - 0x00007ffca8134000 	C:\WINDOWS\System32\RPCRT4.dll
0x00007ffca86b0000 - 0x00007ffca8721000 	C:\WINDOWS\System32\WS2_32.dll
0x00007ffca6db0000 - 0x00007ffca6dfd000 	C:\WINDOWS\SYSTEM32\POWRPROF.dll
0x00007ffc9f780000 - 0x00007ffc9f78a000 	C:\WINDOWS\SYSTEM32\VERSION.dll
0x00007ffc9f630000 - 0x00007ffc9f664000 	C:\WINDOWS\SYSTEM32\WINMM.dll
0x00007ffca6d90000 - 0x00007ffca6da3000 	C:\WINDOWS\SYSTEM32\UMPDC.dll
0x00007ffca5ee0000 - 0x00007ffca5ef8000 	C:\WINDOWS\SYSTEM32\kernel.appcore.dll
0x00007ffc97470000 - 0x00007ffc9747a000 	c:\Users\USER\.vscode\extensions\redhat.java-1.42.0-win32-x64\jre\21.0.7-win32-x86_64\bin\jimage.dll
0x00007ffc974d0000 - 0x00007ffc97702000 	C:\WINDOWS\SYSTEM32\DBGHELP.DLL
0x00007ffca9660000 - 0x00007ffca99f0000 	C:\WINDOWS\System32\combase.dll
0x00007ffca7ba0000 - 0x00007ffca7c77000 	C:\WINDOWS\System32\OLEAUT32.dll
0x00007ffc828e0000 - 0x00007ffc82912000 	C:\WINDOWS\SYSTEM32\dbgcore.DLL
0x00007ffca7220000 - 0x00007ffca729b000 	C:\WINDOWS\System32\bcryptPrimitives.dll
0x00007ffc96000000 - 0x00007ffc9600f000 	c:\Users\USER\.vscode\extensions\redhat.java-1.42.0-win32-x64\jre\21.0.7-win32-x86_64\bin\instrument.dll
0x00007ffc93bc0000 - 0x00007ffc93bdf000 	c:\Users\USER\.vscode\extensions\redhat.java-1.42.0-win32-x64\jre\21.0.7-win32-x86_64\bin\java.dll
0x00007ffca8730000 - 0x00007ffca8fa8000 	C:\WINDOWS\System32\SHELL32.dll
0x00007ffca4de0000 - 0x00007ffca56f0000 	C:\WINDOWS\SYSTEM32\windows.storage.dll
0x00007ffca4ca0000 - 0x00007ffca4ddf000 	C:\WINDOWS\SYSTEM32\wintypes.dll
0x00007ffca8190000 - 0x00007ffca829a000 	C:\WINDOWS\System32\SHCORE.dll
0x00007ffca7980000 - 0x00007ffca79de000 	C:\WINDOWS\System32\shlwapi.dll
0x00007ffca6e10000 - 0x00007ffca6e3b000 	C:\WINDOWS\SYSTEM32\profapi.dll
0x00007ffc864a0000 - 0x00007ffc864b8000 	c:\Users\USER\.vscode\extensions\redhat.java-1.42.0-win32-x64\jre\21.0.7-win32-x86_64\bin\zip.dll
0x00007ffc93bb0000 - 0x00007ffc93bc0000 	C:\Users\USER\.vscode\extensions\redhat.java-1.42.0-win32-x64\jre\21.0.7-win32-x86_64\bin\net.dll
0x00007ffca13b0000 - 0x00007ffca14dc000 	C:\WINDOWS\SYSTEM32\WINHTTP.dll
0x00007ffca6350000 - 0x00007ffca63ba000 	C:\WINDOWS\system32\mswsock.dll
0x00007ffc7d070000 - 0x00007ffc7d086000 	C:\Users\USER\.vscode\extensions\redhat.java-1.42.0-win32-x64\jre\21.0.7-win32-x86_64\bin\nio.dll
0x00007ffc93b40000 - 0x00007ffc93b50000 	c:\Users\USER\.vscode\extensions\redhat.java-1.42.0-win32-x64\jre\21.0.7-win32-x86_64\bin\verify.dll
0x00007ffc67270000 - 0x00007ffc672b5000 	C:\Users\USER\AppData\Roaming\Code\User\globalStorage\redhat.java\1.42.0\config_win\org.eclipse.equinox.launcher\org.eclipse.equinox.launcher.win32.win32.x86_64_1.2.1300.v20250331-1702\eclipse_11911.dll
0x00007ffca9480000 - 0x00007ffca9621000 	C:\WINDOWS\System32\ole32.dll
0x00007ffca6800000 - 0x00007ffca681b000 	C:\WINDOWS\SYSTEM32\CRYPTSP.dll
0x00007ffca5e40000 - 0x00007ffca5e75000 	C:\WINDOWS\system32\rsaenh.dll
0x00007ffca63f0000 - 0x00007ffca6418000 	C:\WINDOWS\SYSTEM32\USERENV.dll
0x00007ffca66f0000 - 0x00007ffca66fc000 	C:\WINDOWS\SYSTEM32\CRYPTBASE.dll
0x00007ffca5990000 - 0x00007ffca59bd000 	C:\WINDOWS\SYSTEM32\IPHLPAPI.DLL
0x00007ffca82a0000 - 0x00007ffca82a9000 	C:\WINDOWS\System32\NSI.dll
0x00007ffc67040000 - 0x00007ffc67089000 	C:\Users\USER\AppData\Local\Temp\jna-2614219\jna4976376687332046464.dll
0x00007ffca8ff0000 - 0x00007ffca8ff8000 	C:\WINDOWS\System32\PSAPI.DLL
0x00007ffca0e10000 - 0x00007ffca0e29000 	C:\WINDOWS\SYSTEM32\dhcpcsvc6.DLL
0x00007ffca0db0000 - 0x00007ffca0dcf000 	C:\WINDOWS\SYSTEM32\dhcpcsvc.DLL

dbghelp: loaded successfully - version: 4.0.5 - missing functions: none
symbol engine: initialized successfully - sym options: 0x614 - pdb path: .;c:\Users\USER\.vscode\extensions\redhat.java-1.42.0-win32-x64\jre\21.0.7-win32-x86_64\bin;C:\WINDOWS\SYSTEM32;C:\WINDOWS\WinSxS\amd64_microsoft.windows.common-controls_6595b64144ccf1df_6.0.22621.4830_none_270fe7d773858e80;c:\Users\USER\.vscode\extensions\redhat.java-1.42.0-win32-x64\jre\21.0.7-win32-x86_64\bin\server;C:\Users\USER\AppData\Roaming\Code\User\globalStorage\redhat.java\1.42.0\config_win\org.eclipse.equinox.launcher\org.eclipse.equinox.launcher.win32.win32.x86_64_1.2.1300.v20250331-1702;C:\Users\USER\AppData\Local\Temp\jna-2614219

VM Arguments:
jvm_args: --add-modules=ALL-SYSTEM --add-opens=java.base/java.util=ALL-UNNAMED --add-opens=java.base/java.lang=ALL-UNNAMED --add-opens=java.base/sun.nio.fs=ALL-UNNAMED -Declipse.application=org.eclipse.jdt.ls.core.id1 -Dosgi.bundles.defaultStartLevel=4 -Declipse.product=org.eclipse.jdt.ls.core.product -Djava.import.generatesMetadataFilesAtProjectRoot=false -DDetectVMInstallationsJob.disabled=true -Dfile.encoding=utf8 -XX:+UseParallelGC -XX:GCTimeRatio=4 -XX:AdaptiveSizePolicyWeight=90 -Dsun.zip.disableMemoryMapping=true -Xmx1G -Xms100m -Xlog:disable -javaagent:c:\Users\USER\.vscode\extensions\redhat.java-1.42.0-win32-x64\lombok\lombok-1.18.36.jar -XX:+HeapDumpOnOutOfMemoryError -XX:HeapDumpPath=c:\Users\USER\AppData\Roaming\Code\User\workspaceStorage\12765b90b74b9d4cf4179417868267ed\redhat.java -Daether.dependencyCollector.impl=bf 
java_command: c:\Users\USER\.vscode\extensions\redhat.java-1.42.0-win32-x64\server\plugins\org.eclipse.equinox.launcher_1.7.0.v20250424-1814.jar -configuration c:\Users\USER\AppData\Roaming\Code\User\globalStorage\redhat.java\1.42.0\config_win -data c:\Users\USER\AppData\Roaming\Code\User\workspaceStorage\12765b90b74b9d4cf4179417868267ed\redhat.java\jdt_ws --pipe=\\.\pipe\lsp-a046f7fe678818cc56615c32a1403a21-sock
java_class_path (initial): c:\Users\USER\.vscode\extensions\redhat.java-1.42.0-win32-x64\server\plugins\org.eclipse.equinox.launcher_1.7.0.v20250424-1814.jar
Launcher Type: SUN_STANDARD

[Global flags]
    uintx AdaptiveSizePolicyWeight                 = 90                                        {product} {command line}
     intx CICompilerCount                          = 12                                        {product} {ergonomic}
    uintx GCTimeRatio                              = 4                                         {product} {command line}
     bool HeapDumpOnOutOfMemoryError               = true                                   {manageable} {command line}
    ccstr HeapDumpPath                             = c:\Users\USER\AppData\Roaming\Code\User\workspaceStorage\12765b90b74b9d4cf4179417868267ed\redhat.java         {manageable} {command line}
   size_t InitialHeapSize                          = 104857600                                 {product} {command line}
   size_t MaxHeapSize                              = 1073741824                                {product} {command line}
   size_t MaxNewSize                               = 357564416                                 {product} {ergonomic}
   size_t MinHeapDeltaBytes                        = 524288                                    {product} {ergonomic}
   size_t MinHeapSize                              = 104857600                                 {product} {command line}
   size_t NewSize                                  = 34603008                                  {product} {ergonomic}
    uintx NonNMethodCodeHeapSize                   = 7602480                                {pd product} {ergonomic}
    uintx NonProfiledCodeHeapSize                  = 122027880                              {pd product} {ergonomic}
   size_t OldSize                                  = 70254592                                  {product} {ergonomic}
    uintx ProfiledCodeHeapSize                     = 122027880                              {pd product} {ergonomic}
    uintx ReservedCodeCacheSize                    = 251658240                              {pd product} {ergonomic}
     bool SegmentedCodeCache                       = true                                      {product} {ergonomic}
   size_t SoftMaxHeapSize                          = 1073741824                             {manageable} {ergonomic}
     bool UseCompressedOops                        = true                           {product lp64_product} {ergonomic}
     bool UseLargePagesIndividualAllocation        = false                                  {pd product} {ergonomic}
     bool UseParallelGC                            = true                                      {product} {command line}

Logging:
Log output configuration:
 #0: stdout all=off uptime,level,tags foldmultilines=false
 #1: stderr all=off uptime,level,tags foldmultilines=false

Environment Variables:
JAVA_HOME=C:\Program Files\Amazon Corretto\jdk17.0.15_6
PATH=C:\Program Files\Amazon Corretto\jdk17.0.15_6\bin;C:\Program Files (x86)\VMware\VMware Workstation\bin\;C:\WINDOWS\system32;C:\WINDOWS;C:\WINDOWS\System32\Wbem;C:\WINDOWS\System32\WindowsPowerShell\v1.0\;C:\WINDOWS\System32\OpenSSH\;C:\Program Files\Git\cmd;C:\Program Files\nodejs\;C:\Users\USER\AppData\Local\Programs\Python\Python312\Scripts\;C:\Users\USER\AppData\Local\Programs\Python\Python312\;C:\Users\USER\AppData\Local\Microsoft\WindowsApps;C:\Users\USER\AppData\Local\Programs\Microsoft VS Code\bin;C:\Users\USER\AppData\Local\GitHubDesktop\bin;C:\Users\USER\AppData\Local\Android\Sdk\platform-tools;C:\Users\USER\AppData\Local\Programs\mongosh\;C:\Users\USER\AppData\Roaming\npm;Android\Sdk\platform-tools;
USERNAME=USER
OS=Windows_NT
PROCESSOR_IDENTIFIER=Intel64 Family 6 Model 151 Stepping 2, GenuineIntel
TMP=C:\Users\USER\AppData\Local\Temp
TEMP=C:\Users\USER\AppData\Local\Temp




Periodic native trim disabled

---------------  S Y S T E M  ---------------

OS:
 Windows 11 , 64 bit Build 22621 (10.0.22621.4830)
OS uptime: 0 days 1:32 hours
Hyper-V role detected

CPU: total 20 (initial active 20) (10 cores per cpu, 2 threads per core) family 6 model 151 stepping 2 microcode 0x1a, cx8, cmov, fxsr, ht, mmx, 3dnowpref, sse, sse2, sse3, ssse3, sse4.1, sse4.2, popcnt, lzcnt, tsc, tscinvbit, avx, avx2, aes, erms, clmul, bmi1, bmi2, adx, sha, fma, vzeroupper, clflush, clflushopt, clwb, hv, serialize, rdtscp, rdpid, fsrm, f16c, cet_ibt, cet_ss
Processor Information for processor 0
  Max Mhz: 2100, Current Mhz: 2100, Mhz Limit: 2100
Processor Information for processor 1
  Max Mhz: 2100, Current Mhz: 2100, Mhz Limit: 2100
Processor Information for processor 2
  Max Mhz: 2100, Current Mhz: 2100, Mhz Limit: 2100
Processor Information for processor 3
  Max Mhz: 2100, Current Mhz: 2100, Mhz Limit: 2100
Processor Information for processor 4
  Max Mhz: 2100, Current Mhz: 2100, Mhz Limit: 2100
Processor Information for processor 5
  Max Mhz: 2100, Current Mhz: 2100, Mhz Limit: 2100
Processor Information for processor 6
  Max Mhz: 2100, Current Mhz: 2100, Mhz Limit: 2100
Processor Information for processor 7
  Max Mhz: 2100, Current Mhz: 2100, Mhz Limit: 2100
Processor Information for processor 8
  Max Mhz: 2100, Current Mhz: 2100, Mhz Limit: 2100
Processor Information for processor 9
  Max Mhz: 2100, Current Mhz: 2100, Mhz Limit: 2100
Processor Information for processor 10
  Max Mhz: 2100, Current Mhz: 2100, Mhz Limit: 2100
Processor Information for processor 11
  Max Mhz: 2100, Current Mhz: 2100, Mhz Limit: 2100
Processor Information for processor 12
  Max Mhz: 2100, Current Mhz: 2100, Mhz Limit: 2100
Processor Information for processor 13
  Max Mhz: 2100, Current Mhz: 2100, Mhz Limit: 2100
Processor Information for processor 14
  Max Mhz: 2100, Current Mhz: 2100, Mhz Limit: 2100
Processor Information for processor 15
  Max Mhz: 2100, Current Mhz: 2100, Mhz Limit: 2100
Processor Information for processor 16
  Max Mhz: 2100, Current Mhz: 1600, Mhz Limit: 1596
Processor Information for processor 17
  Max Mhz: 2100, Current Mhz: 1600, Mhz Limit: 1596
Processor Information for processor 18
  Max Mhz: 2100, Current Mhz: 1600, Mhz Limit: 1596
Processor Information for processor 19
  Max Mhz: 2100, Current Mhz: 1600, Mhz Limit: 1596

Memory: 4k page, system-wide physical 8033M (552M free)
TotalPageFile size 20673M (AvailPageFile size 8M)
current process WorkingSet (physical memory assigned to process): 220M, peak: 220M
current process commit charge ("private bytes"): 331M, peak: 331M

vm_info: OpenJDK 64-Bit Server VM (21.0.7+6-LTS) for windows-amd64 JRE (21.0.7+6-LTS), built on 2025-04-15T00:00:00Z by "admin" with MS VC++ 17.7 (VS2022)

END.
